2020-02-17 18:45:48,954 [Worker-2: Loading available Gradle versions] INFO  o.e.b.c.i.u.g.PublishedGradleVersions - Gradle version information cache is out-of-date. Trying to update.
2020-02-17 18:52:10,638 [Worker-7: Creating maven-archetype-quickstart] INFO  o.e.m.c.i.p.ProjectConfigurationManager - Collecting project info '/pom.xml' F:\file\EPAM_TASK_3\CLEANCODE_AND_SERIALIZATION\pom.xml
2020-02-17 18:52:21,873 [Worker-7: Creating maven-archetype-quickstart] INFO  o.e.m.c.i.l.LifecycleMappingFactory - Using org.eclipse.m2e.jdt.JarLifecycleMapping lifecycle mapping for MavenProject: com.epam:CLEANCODE_AND_SERIALIZATION:0.0.1-SNAPSHOT @ F:\file\EPAM_TASK_3\CLEANCODE_AND_SERIALIZATION\pom.xml.
2020-02-17 18:52:25,873 [Worker-7: Creating maven-archetype-quickstart] INFO  o.e.m.j.i.AbstractJavaProjectConfigurator - Adding source folder /CLEANCODE_AND_SERIALIZATION/src/main/java
2020-02-17 18:52:25,880 [Worker-7: Creating maven-archetype-quickstart] INFO  o.e.m.j.i.AbstractJavaProjectConfigurator - Adding source folder /CLEANCODE_AND_SERIALIZATION/src/test/java
2020-02-17 18:52:27,901 [Worker-7: Creating maven-archetype-quickstart] INFO  o.e.m.c.i.p.ProjectConfigurationManager - Imported and configured 1 project(s) in 17 sec
2020-02-17 18:52:29,297 [Worker-11: Building] INFO  o.e.m.c.i.embedder.EclipseLogger - Using 'UTF-8' encoding to copy filtered resources.
2020-02-17 18:52:29,298 [Worker-11: Building] INFO  o.e.m.c.i.embedder.EclipseLogger - skip non existing resourceDirectory F:\file\EPAM_TASK_3\CLEANCODE_AND_SERIALIZATION\src\main\resources
2020-02-17 18:52:29,301 [Worker-11: Building] INFO  o.e.m.c.i.embedder.EclipseLogger - Using 'UTF-8' encoding to copy filtered resources.
2020-02-17 18:52:29,301 [Worker-11: Building] INFO  o.e.m.c.i.embedder.EclipseLogger - skip non existing resourceDirectory F:\file\EPAM_TASK_3\CLEANCODE_AND_SERIALIZATION\src\test\resources
2020-02-17 18:54:03,793 [Worker-12: Building] INFO  o.e.m.c.i.embedder.EclipseLogger - Using 'UTF-8' encoding to copy filtered resources.
2020-02-17 18:54:03,793 [Worker-12: Building] INFO  o.e.m.c.i.embedder.EclipseLogger - skip non existing resourceDirectory F:\file\EPAM_TASK_3\CLEANCODE_AND_SERIALIZATION\src\main\resources
2020-02-17 18:54:03,796 [Worker-12: Building] INFO  o.e.m.c.i.embedder.EclipseLogger - Using 'UTF-8' encoding to copy filtered resources.
2020-02-17 18:54:03,796 [Worker-12: Building] INFO  o.e.m.c.i.embedder.EclipseLogger - skip non existing resourceDirectory F:\file\EPAM_TASK_3\CLEANCODE_AND_SERIALIZATION\src\test\resources
2020-02-17 18:54:04,995 [Worker-12: Building] INFO  o.e.m.c.i.embedder.EclipseLogger - Using 'UTF-8' encoding to copy filtered resources.
2020-02-17 18:54:04,995 [Worker-12: Building] INFO  o.e.m.c.i.embedder.EclipseLogger - skip non existing resourceDirectory F:\file\EPAM_TASK_3\CLEANCODE_AND_SERIALIZATION\src\main\resources
2020-02-17 18:54:04,999 [Worker-12: Building] INFO  o.e.m.c.i.embedder.EclipseLogger - Using 'UTF-8' encoding to copy filtered resources.
2020-02-17 18:54:04,999 [Worker-12: Building] INFO  o.e.m.c.i.embedder.EclipseLogger - skip non existing resourceDirectory F:\file\EPAM_TASK_3\CLEANCODE_AND_SERIALIZATION\src\test\resources
2020-02-17 19:03:20,610 [Worker-5: Building] INFO  o.e.m.c.i.embedder.EclipseLogger - Using 'UTF-8' encoding to copy filtered resources.
2020-02-17 19:03:20,610 [Worker-5: Building] INFO  o.e.m.c.i.embedder.EclipseLogger - skip non existing resourceDirectory F:\file\EPAM_TASK_3\CLEANCODE_AND_SERIALIZATION\src\main\resources
2020-02-17 19:03:20,612 [Worker-5: Building] INFO  o.e.m.c.i.embedder.EclipseLogger - Using 'UTF-8' encoding to copy filtered resources.
2020-02-17 19:03:20,612 [Worker-5: Building] INFO  o.e.m.c.i.embedder.EclipseLogger - skip non existing resourceDirectory F:\file\EPAM_TASK_3\CLEANCODE_AND_SERIALIZATION\src\test\resources
2020-02-17 19:03:46,828 [Worker-7: Building] INFO  o.e.m.c.i.embedder.EclipseLogger - Using 'UTF-8' encoding to copy filtered resources.
2020-02-17 19:03:46,829 [Worker-7: Building] INFO  o.e.m.c.i.embedder.EclipseLogger - skip non existing resourceDirectory F:\file\EPAM_TASK_3\CLEANCODE_AND_SERIALIZATION\src\main\resources
2020-02-17 19:03:46,832 [Worker-7: Building] INFO  o.e.m.c.i.embedder.EclipseLogger - Using 'UTF-8' encoding to copy filtered resources.
2020-02-17 19:03:46,832 [Worker-7: Building] INFO  o.e.m.c.i.embedder.EclipseLogger - skip non existing resourceDirectory F:\file\EPAM_TASK_3\CLEANCODE_AND_SERIALIZATION\src\test\resources
2020-02-17 19:03:57,485 [Worker-3: Building] INFO  o.e.m.c.i.embedder.EclipseLogger - Using 'UTF-8' encoding to copy filtered resources.
2020-02-17 19:03:57,485 [Worker-3: Building] INFO  o.e.m.c.i.embedder.EclipseLogger - skip non existing resourceDirectory F:\file\EPAM_TASK_3\CLEANCODE_AND_SERIALIZATION\src\main\resources
2020-02-17 19:03:57,488 [Worker-3: Building] INFO  o.e.m.c.i.embedder.EclipseLogger - Using 'UTF-8' encoding to copy filtered resources.
2020-02-17 19:03:57,488 [Worker-3: Building] INFO  o.e.m.c.i.embedder.EclipseLogger - skip non existing resourceDirectory F:\file\EPAM_TASK_3\CLEANCODE_AND_SERIALIZATION\src\test\resources
2020-02-17 19:11:16,726 [Worker-13: Building] INFO  o.e.m.c.i.embedder.EclipseLogger - Using 'UTF-8' encoding to copy filtered resources.
2020-02-17 19:11:16,726 [Worker-13: Building] INFO  o.e.m.c.i.embedder.EclipseLogger - skip non existing resourceDirectory F:\file\EPAM_TASK_3\CLEANCODE_AND_SERIALIZATION\src\main\resources
2020-02-17 19:11:16,729 [Worker-13: Building] INFO  o.e.m.c.i.embedder.EclipseLogger - Using 'UTF-8' encoding to copy filtered resources.
2020-02-17 19:11:16,729 [Worker-13: Building] INFO  o.e.m.c.i.embedder.EclipseLogger - skip non existing resourceDirectory F:\file\EPAM_TASK_3\CLEANCODE_AND_SERIALIZATION\src\test\resources
2020-02-17 19:15:14,959 [Worker-14: Building] INFO  o.e.m.c.i.embedder.EclipseLogger - Using 'UTF-8' encoding to copy filtered resources.
2020-02-17 19:15:14,959 [Worker-14: Building] INFO  o.e.m.c.i.embedder.EclipseLogger - skip non existing resourceDirectory F:\file\EPAM_TASK_3\CLEANCODE_AND_SERIALIZATION\src\main\resources
2020-02-17 19:15:14,962 [Worker-14: Building] INFO  o.e.m.c.i.embedder.EclipseLogger - Using 'UTF-8' encoding to copy filtered resources.
2020-02-17 19:15:14,963 [Worker-14: Building] INFO  o.e.m.c.i.embedder.EclipseLogger - skip non existing resourceDirectory F:\file\EPAM_TASK_3\CLEANCODE_AND_SERIALIZATION\src\test\resources
2020-02-17 19:15:17,106 [Worker-13: Building] INFO  o.e.m.c.i.embedder.EclipseLogger - Using 'UTF-8' encoding to copy filtered resources.
2020-02-17 19:15:17,106 [Worker-13: Building] INFO  o.e.m.c.i.embedder.EclipseLogger - skip non existing resourceDirectory F:\file\EPAM_TASK_3\CLEANCODE_AND_SERIALIZATION\src\main\resources
2020-02-17 19:15:17,108 [Worker-13: Building] INFO  o.e.m.c.i.embedder.EclipseLogger - Using 'UTF-8' encoding to copy filtered resources.
2020-02-17 19:15:17,109 [Worker-13: Building] INFO  o.e.m.c.i.embedder.EclipseLogger - skip non existing resourceDirectory F:\file\EPAM_TASK_3\CLEANCODE_AND_SERIALIZATION\src\test\resources
2020-02-17 19:16:46,367 [Worker-17: Building] INFO  o.e.m.c.i.embedder.EclipseLogger - Using 'UTF-8' encoding to copy filtered resources.
2020-02-17 19:16:46,368 [Worker-17: Building] INFO  o.e.m.c.i.embedder.EclipseLogger - skip non existing resourceDirectory F:\file\EPAM_TASK_3\CLEANCODE_AND_SERIALIZATION\src\main\resources
2020-02-17 19:16:46,371 [Worker-17: Building] INFO  o.e.m.c.i.embedder.EclipseLogger - Using 'UTF-8' encoding to copy filtered resources.
2020-02-17 19:16:46,372 [Worker-17: Building] INFO  o.e.m.c.i.embedder.EclipseLogger - skip non existing resourceDirectory F:\file\EPAM_TASK_3\CLEANCODE_AND_SERIALIZATION\src\test\resources
2020-02-17 19:16:49,561 [Worker-14: Building] INFO  o.e.m.c.i.embedder.EclipseLogger - Using 'UTF-8' encoding to copy filtered resources.
2020-02-17 19:16:49,561 [Worker-14: Building] INFO  o.e.m.c.i.embedder.EclipseLogger - skip non existing resourceDirectory F:\file\EPAM_TASK_3\CLEANCODE_AND_SERIALIZATION\src\main\resources
2020-02-17 19:16:49,563 [Worker-14: Building] INFO  o.e.m.c.i.embedder.EclipseLogger - Using 'UTF-8' encoding to copy filtered resources.
2020-02-17 19:16:49,563 [Worker-14: Building] INFO  o.e.m.c.i.embedder.EclipseLogger - skip non existing resourceDirectory F:\file\EPAM_TASK_3\CLEANCODE_AND_SERIALIZATION\src\test\resources
2020-02-17 19:18:35,711 [Worker-7: Building] INFO  o.e.m.c.i.embedder.EclipseLogger - Using 'UTF-8' encoding to copy filtered resources.
2020-02-17 19:18:35,712 [Worker-7: Building] INFO  o.e.m.c.i.embedder.EclipseLogger - skip non existing resourceDirectory F:\file\EPAM_TASK_3\CLEANCODE_AND_SERIALIZATION\src\main\resources
2020-02-17 19:18:35,714 [Worker-7: Building] INFO  o.e.m.c.i.embedder.EclipseLogger - Using 'UTF-8' encoding to copy filtered resources.
2020-02-17 19:18:35,714 [Worker-7: Building] INFO  o.e.m.c.i.embedder.EclipseLogger - skip non existing resourceDirectory F:\file\EPAM_TASK_3\CLEANCODE_AND_SERIALIZATION\src\test\resources
2020-02-17 19:19:07,166 [Worker-5: Building] INFO  o.e.m.c.i.embedder.EclipseLogger - Using 'UTF-8' encoding to copy filtered resources.
2020-02-17 19:19:07,166 [Worker-5: Building] INFO  o.e.m.c.i.embedder.EclipseLogger - skip non existing resourceDirectory F:\file\EPAM_TASK_3\CLEANCODE_AND_SERIALIZATION\src\main\resources
2020-02-17 19:19:07,168 [Worker-5: Building] INFO  o.e.m.c.i.embedder.EclipseLogger - Using 'UTF-8' encoding to copy filtered resources.
2020-02-17 19:19:07,169 [Worker-5: Building] INFO  o.e.m.c.i.embedder.EclipseLogger - skip non existing resourceDirectory F:\file\EPAM_TASK_3\CLEANCODE_AND_SERIALIZATION\src\test\resources
2020-02-17 19:19:18,683 [Worker-14: Updating Maven Project] INFO  o.e.m.c.i.p.ProjectConfigurationManager - Update started
2020-02-17 19:19:19,662 [Worker-14: Updating Maven Project] INFO  o.e.m.c.i.l.LifecycleMappingFactory - Using org.eclipse.m2e.jdt.JarLifecycleMapping lifecycle mapping for MavenProject: com.epam:CLEANCODE_AND_SERIALIZATION:0.0.1-SNAPSHOT @ F:\file\EPAM_TASK_3\CLEANCODE_AND_SERIALIZATION\pom.xml.
2020-02-17 19:19:20,239 [Worker-14: Updating Maven Project] INFO  o.e.m.j.i.AbstractJavaProjectConfigurator - Adding source folder /CLEANCODE_AND_SERIALIZATION/src/main/java
2020-02-17 19:19:20,241 [Worker-14: Updating Maven Project] INFO  o.e.m.j.i.AbstractJavaProjectConfigurator - Adding source folder /CLEANCODE_AND_SERIALIZATION/src/test/java
2020-02-17 19:19:20,390 [Worker-14: Updating Maven Project] INFO  o.e.m.c.i.p.ProjectConfigurationManager - Update completed: 1 sec
2020-02-17 19:19:20,688 [Worker-7: Building] INFO  o.e.m.c.i.embedder.EclipseLogger - Using 'UTF-8' encoding to copy filtered resources.
2020-02-17 19:19:20,689 [Worker-7: Building] INFO  o.e.m.c.i.embedder.EclipseLogger - skip non existing resourceDirectory F:\file\EPAM_TASK_3\CLEANCODE_AND_SERIALIZATION\src\main\resources
2020-02-17 19:19:20,693 [Worker-7: Building] INFO  o.e.m.c.i.embedder.EclipseLogger - Using 'UTF-8' encoding to copy filtered resources.
2020-02-17 19:19:20,693 [Worker-7: Building] INFO  o.e.m.c.i.embedder.EclipseLogger - skip non existing resourceDirectory F:\file\EPAM_TASK_3\CLEANCODE_AND_SERIALIZATION\src\test\resources
2020-02-17 19:19:41,259 [Worker-14: Building] INFO  o.e.m.c.i.embedder.EclipseLogger - Using 'UTF-8' encoding to copy filtered resources.
2020-02-17 19:19:41,260 [Worker-14: Building] INFO  o.e.m.c.i.embedder.EclipseLogger - skip non existing resourceDirectory F:\file\EPAM_TASK_3\CLEANCODE_AND_SERIALIZATION\src\main\resources
2020-02-17 19:19:41,261 [Worker-14: Building] INFO  o.e.m.c.i.embedder.EclipseLogger - Using 'UTF-8' encoding to copy filtered resources.
2020-02-17 19:19:41,262 [Worker-14: Building] INFO  o.e.m.c.i.embedder.EclipseLogger - skip non existing resourceDirectory F:\file\EPAM_TASK_3\CLEANCODE_AND_SERIALIZATION\src\test\resources
2020-02-17 19:20:15,607 [Worker-5: Launching Executing install in F__file_EPAM_TASK_3_CLEANCODE_AND_SERIALIZATION] INFO  o.e.m.i.launch.MavenLaunchDelegate - F:\file\EPAM_TASK_3\CLEANCODE_AND_SERIALIZATION
2020-02-17 19:20:15,611 [Worker-5: Launching Executing install in F__file_EPAM_TASK_3_CLEANCODE_AND_SERIALIZATION] INFO  o.e.m.i.launch.MavenLaunchDelegate -  mvn -B install
2020-02-17 19:20:24,439 [Worker-5: Building] INFO  o.e.m.c.i.embedder.EclipseLogger - Using 'UTF-8' encoding to copy filtered resources.
2020-02-17 19:20:24,439 [Worker-5: Building] INFO  o.e.m.c.i.embedder.EclipseLogger - skip non existing resourceDirectory F:\file\EPAM_TASK_3\CLEANCODE_AND_SERIALIZATION\src\main\resources
2020-02-17 19:20:24,443 [Worker-5: Building] INFO  o.e.m.c.i.embedder.EclipseLogger - Using 'UTF-8' encoding to copy filtered resources.
2020-02-17 19:20:24,444 [Worker-5: Building] INFO  o.e.m.c.i.embedder.EclipseLogger - skip non existing resourceDirectory F:\file\EPAM_TASK_3\CLEANCODE_AND_SERIALIZATION\src\test\resources
2020-02-17 19:21:24,734 [Worker-15: Building] INFO  o.e.m.c.i.embedder.EclipseLogger - Using 'UTF-8' encoding to copy filtered resources.
2020-02-17 19:21:24,735 [Worker-15: Building] INFO  o.e.m.c.i.embedder.EclipseLogger - skip non existing resourceDirectory F:\file\EPAM_TASK_3\CLEANCODE_AND_SERIALIZATION\src\main\resources
2020-02-17 19:21:24,737 [Worker-15: Building] INFO  o.e.m.c.i.embedder.EclipseLogger - Using 'UTF-8' encoding to copy filtered resources.
2020-02-17 19:21:24,738 [Worker-15: Building] INFO  o.e.m.c.i.embedder.EclipseLogger - skip non existing resourceDirectory F:\file\EPAM_TASK_3\CLEANCODE_AND_SERIALIZATION\src\test\resources
2020-02-17 19:22:37,701 [Worker-3: Building] INFO  o.e.m.c.i.embedder.EclipseLogger - Using 'UTF-8' encoding to copy filtered resources.
2020-02-17 19:22:37,702 [Worker-3: Building] INFO  o.e.m.c.i.embedder.EclipseLogger - skip non existing resourceDirectory F:\file\EPAM_TASK_3\CLEANCODE_AND_SERIALIZATION\src\main\resources
2020-02-17 19:22:37,704 [Worker-3: Building] INFO  o.e.m.c.i.embedder.EclipseLogger - Using 'UTF-8' encoding to copy filtered resources.
2020-02-17 19:22:37,705 [Worker-3: Building] INFO  o.e.m.c.i.embedder.EclipseLogger - skip non existing resourceDirectory F:\file\EPAM_TASK_3\CLEANCODE_AND_SERIALIZATION\src\test\resources
2020-02-17 19:22:56,103 [Worker-5: Building] INFO  o.e.m.c.i.embedder.EclipseLogger - Using 'UTF-8' encoding to copy filtered resources.
2020-02-17 19:22:56,103 [Worker-5: Building] INFO  o.e.m.c.i.embedder.EclipseLogger - skip non existing resourceDirectory F:\file\EPAM_TASK_3\CLEANCODE_AND_SERIALIZATION\src\main\resources
2020-02-17 19:22:56,106 [Worker-5: Building] INFO  o.e.m.c.i.embedder.EclipseLogger - Using 'UTF-8' encoding to copy filtered resources.
2020-02-17 19:22:56,106 [Worker-5: Building] INFO  o.e.m.c.i.embedder.EclipseLogger - skip non existing resourceDirectory F:\file\EPAM_TASK_3\CLEANCODE_AND_SERIALIZATION\src\test\resources
2020-02-17 19:23:05,255 [Worker-17: Building] INFO  o.e.m.c.i.embedder.EclipseLogger - Using 'UTF-8' encoding to copy filtered resources.
2020-02-17 19:23:05,255 [Worker-17: Building] INFO  o.e.m.c.i.embedder.EclipseLogger - skip non existing resourceDirectory F:\file\EPAM_TASK_3\CLEANCODE_AND_SERIALIZATION\src\main\resources
2020-02-17 19:23:05,257 [Worker-17: Building] INFO  o.e.m.c.i.embedder.EclipseLogger - Using 'UTF-8' encoding to copy filtered resources.
2020-02-17 19:23:05,258 [Worker-17: Building] INFO  o.e.m.c.i.embedder.EclipseLogger - skip non existing resourceDirectory F:\file\EPAM_TASK_3\CLEANCODE_AND_SERIALIZATION\src\test\resources
2020-02-17 19:23:16,738 [Worker-7: Launching Executing clean in F__file_EPAM_TASK_3_CLEANCODE_AND_SERIALIZATION] INFO  o.e.m.i.launch.MavenLaunchDelegate - F:\file\EPAM_TASK_3\CLEANCODE_AND_SERIALIZATION
2020-02-17 19:23:16,738 [Worker-7: Launching Executing clean in F__file_EPAM_TASK_3_CLEANCODE_AND_SERIALIZATION] INFO  o.e.m.i.launch.MavenLaunchDelegate -  mvn -B clean
2020-02-17 19:23:19,955 [Worker-14: Building] INFO  o.e.m.c.i.embedder.EclipseLogger - Using 'UTF-8' encoding to copy filtered resources.
2020-02-17 19:23:19,955 [Worker-14: Building] INFO  o.e.m.c.i.embedder.EclipseLogger - skip non existing resourceDirectory F:\file\EPAM_TASK_3\CLEANCODE_AND_SERIALIZATION\src\main\resources
2020-02-17 19:23:19,961 [Worker-14: Building] INFO  o.e.m.c.i.embedder.EclipseLogger - Using 'UTF-8' encoding to copy filtered resources.
2020-02-17 19:23:19,962 [Worker-14: Building] INFO  o.e.m.c.i.embedder.EclipseLogger - skip non existing resourceDirectory F:\file\EPAM_TASK_3\CLEANCODE_AND_SERIALIZATION\src\test\resources
2020-02-17 19:23:25,537 [Worker-5: Launching Executing install in F__file_EPAM_TASK_3_CLEANCODE_AND_SERIALIZATION] INFO  o.e.m.i.launch.MavenLaunchDelegate - F:\file\EPAM_TASK_3\CLEANCODE_AND_SERIALIZATION
2020-02-17 19:23:25,538 [Worker-5: Launching Executing install in F__file_EPAM_TASK_3_CLEANCODE_AND_SERIALIZATION] INFO  o.e.m.i.launch.MavenLaunchDelegate -  mvn -B install
2020-02-17 19:28:29,280 [Worker-14: Building] INFO  o.e.m.c.i.embedder.EclipseLogger - Using 'UTF-8' encoding to copy filtered resources.
2020-02-17 19:28:29,280 [Worker-14: Building] INFO  o.e.m.c.i.embedder.EclipseLogger - skip non existing resourceDirectory F:\file\EPAM_TASK_3\CLEANCODE_AND_SERIALIZATION\src\main\resources
2020-02-17 19:28:29,282 [Worker-14: Building] INFO  o.e.m.c.i.embedder.EclipseLogger - Using 'UTF-8' encoding to copy filtered resources.
2020-02-17 19:28:29,282 [Worker-14: Building] INFO  o.e.m.c.i.embedder.EclipseLogger - skip non existing resourceDirectory F:\file\EPAM_TASK_3\CLEANCODE_AND_SERIALIZATION\src\test\resources
2020-02-17 19:29:44,961 [Worker-16: Building] INFO  o.e.m.c.i.embedder.EclipseLogger - Using 'UTF-8' encoding to copy filtered resources.
2020-02-17 19:29:44,962 [Worker-16: Building] INFO  o.e.m.c.i.embedder.EclipseLogger - skip non existing resourceDirectory F:\file\EPAM_TASK_3\CLEANCODE_AND_SERIALIZATION\src\main\resources
2020-02-17 19:29:44,963 [Worker-16: Building] INFO  o.e.m.c.i.embedder.EclipseLogger - Using 'UTF-8' encoding to copy filtered resources.
2020-02-17 19:29:44,964 [Worker-16: Building] INFO  o.e.m.c.i.embedder.EclipseLogger - skip non existing resourceDirectory F:\file\EPAM_TASK_3\CLEANCODE_AND_SERIALIZATION\src\test\resources
2020-02-17 19:30:18,154 [Worker-15: Launching Executing clean in F__file_EPAM_TASK_3_CLEANCODE_AND_SERIALIZATION] INFO  o.e.m.i.launch.MavenLaunchDelegate - F:\file\EPAM_TASK_3\CLEANCODE_AND_SERIALIZATION
2020-02-17 19:30:18,154 [Worker-15: Launching Executing clean in F__file_EPAM_TASK_3_CLEANCODE_AND_SERIALIZATION] INFO  o.e.m.i.launch.MavenLaunchDelegate -  mvn -B clean
2020-02-17 19:30:21,739 [Worker-16: Building] INFO  o.e.m.c.i.embedder.EclipseLogger - Using 'UTF-8' encoding to copy filtered resources.
2020-02-17 19:30:21,740 [Worker-16: Building] INFO  o.e.m.c.i.embedder.EclipseLogger - skip non existing resourceDirectory F:\file\EPAM_TASK_3\CLEANCODE_AND_SERIALIZATION\src\main\resources
2020-02-17 19:30:21,743 [Worker-16: Building] INFO  o.e.m.c.i.embedder.EclipseLogger - Using 'UTF-8' encoding to copy filtered resources.
2020-02-17 19:30:21,743 [Worker-16: Building] INFO  o.e.m.c.i.embedder.EclipseLogger - skip non existing resourceDirectory F:\file\EPAM_TASK_3\CLEANCODE_AND_SERIALIZATION\src\test\resources
2020-02-17 19:31:09,575 [Worker-17: Building] INFO  o.e.m.c.i.embedder.EclipseLogger - Using 'UTF-8' encoding to copy filtered resources.
2020-02-17 19:31:09,576 [Worker-17: Building] INFO  o.e.m.c.i.embedder.EclipseLogger - skip non existing resourceDirectory F:\file\EPAM_TASK_3\CLEANCODE_AND_SERIALIZATION\src\main\resources
2020-02-17 19:31:09,580 [Worker-17: Building] INFO  o.e.m.c.i.embedder.EclipseLogger - Using 'UTF-8' encoding to copy filtered resources.
2020-02-17 19:31:09,580 [Worker-17: Building] INFO  o.e.m.c.i.embedder.EclipseLogger - skip non existing resourceDirectory F:\file\EPAM_TASK_3\CLEANCODE_AND_SERIALIZATION\src\test\resources
2020-02-17 19:32:46,310 [Worker-15: Building] INFO  o.e.m.c.i.embedder.EclipseLogger - Using 'UTF-8' encoding to copy filtered resources.
2020-02-17 19:32:46,311 [Worker-15: Building] INFO  o.e.m.c.i.embedder.EclipseLogger - skip non existing resourceDirectory F:\file\EPAM_TASK_3\CLEANCODE_AND_SERIALIZATION\src\main\resources
2020-02-17 19:32:46,312 [Worker-15: Building] INFO  o.e.m.c.i.embedder.EclipseLogger - Using 'UTF-8' encoding to copy filtered resources.
2020-02-17 19:32:46,313 [Worker-15: Building] INFO  o.e.m.c.i.embedder.EclipseLogger - skip non existing resourceDirectory F:\file\EPAM_TASK_3\CLEANCODE_AND_SERIALIZATION\src\test\resources
2020-02-17 19:33:45,263 [Worker-17: Building] INFO  o.e.m.c.i.embedder.EclipseLogger - Using 'UTF-8' encoding to copy filtered resources.
2020-02-17 19:33:45,263 [Worker-17: Building] INFO  o.e.m.c.i.embedder.EclipseLogger - skip non existing resourceDirectory F:\file\EPAM_TASK_3\CLEANCODE_AND_SERIALIZATION\src\main\resources
2020-02-17 19:33:45,265 [Worker-17: Building] INFO  o.e.m.c.i.embedder.EclipseLogger - Using 'UTF-8' encoding to copy filtered resources.
2020-02-17 19:33:45,265 [Worker-17: Building] INFO  o.e.m.c.i.embedder.EclipseLogger - skip non existing resourceDirectory F:\file\EPAM_TASK_3\CLEANCODE_AND_SERIALIZATION\src\test\resources
2020-02-17 19:34:03,800 [Worker-15: Building] INFO  o.e.m.c.i.embedder.EclipseLogger - Using 'UTF-8' encoding to copy filtered resources.
2020-02-17 19:34:03,800 [Worker-15: Building] INFO  o.e.m.c.i.embedder.EclipseLogger - skip non existing resourceDirectory F:\file\EPAM_TASK_3\CLEANCODE_AND_SERIALIZATION\src\main\resources
2020-02-17 19:34:03,801 [Worker-15: Building] INFO  o.e.m.c.i.embedder.EclipseLogger - Using 'UTF-8' encoding to copy filtered resources.
2020-02-17 19:34:03,802 [Worker-15: Building] INFO  o.e.m.c.i.embedder.EclipseLogger - skip non existing resourceDirectory F:\file\EPAM_TASK_3\CLEANCODE_AND_SERIALIZATION\src\test\resources
2020-02-17 19:35:14,148 [Worker-14: Launching Executing clean in F__file_EPAM_TASK_3_CLEANCODE_AND_SERIALIZATION] INFO  o.e.m.i.launch.MavenLaunchDelegate - F:\file\EPAM_TASK_3\CLEANCODE_AND_SERIALIZATION
2020-02-17 19:35:14,149 [Worker-14: Launching Executing clean in F__file_EPAM_TASK_3_CLEANCODE_AND_SERIALIZATION] INFO  o.e.m.i.launch.MavenLaunchDelegate -  mvn -B clean
2020-02-17 19:35:17,418 [Worker-16: Building] INFO  o.e.m.c.i.embedder.EclipseLogger - Using 'UTF-8' encoding to copy filtered resources.
2020-02-17 19:35:17,418 [Worker-16: Building] INFO  o.e.m.c.i.embedder.EclipseLogger - skip non existing resourceDirectory F:\file\EPAM_TASK_3\CLEANCODE_AND_SERIALIZATION\src\main\resources
2020-02-17 19:35:17,421 [Worker-16: Building] INFO  o.e.m.c.i.embedder.EclipseLogger - Using 'UTF-8' encoding to copy filtered resources.
2020-02-17 19:35:17,421 [Worker-16: Building] INFO  o.e.m.c.i.embedder.EclipseLogger - skip non existing resourceDirectory F:\file\EPAM_TASK_3\CLEANCODE_AND_SERIALIZATION\src\test\resources
2020-02-17 19:35:22,975 [Worker-15: Launching Executing install in F__file_EPAM_TASK_3_CLEANCODE_AND_SERIALIZATION] INFO  o.e.m.i.launch.MavenLaunchDelegate - F:\file\EPAM_TASK_3\CLEANCODE_AND_SERIALIZATION
2020-02-17 19:35:22,975 [Worker-15: Launching Executing install in F__file_EPAM_TASK_3_CLEANCODE_AND_SERIALIZATION] INFO  o.e.m.i.launch.MavenLaunchDelegate -  mvn -B install
2020-02-17 19:35:31,136 [Worker-15: Building] INFO  o.e.m.c.i.embedder.EclipseLogger - Using 'UTF-8' encoding to copy filtered resources.
2020-02-17 19:35:31,137 [Worker-15: Building] INFO  o.e.m.c.i.embedder.EclipseLogger - skip non existing resourceDirectory F:\file\EPAM_TASK_3\CLEANCODE_AND_SERIALIZATION\src\main\resources
2020-02-17 19:35:31,140 [Worker-15: Building] INFO  o.e.m.c.i.embedder.EclipseLogger - Using 'UTF-8' encoding to copy filtered resources.
2020-02-17 19:35:31,141 [Worker-15: Building] INFO  o.e.m.c.i.embedder.EclipseLogger - skip non existing resourceDirectory F:\file\EPAM_TASK_3\CLEANCODE_AND_SERIALIZATION\src\test\resources
2020-02-17 19:36:16,007 [Worker-13: Building] INFO  o.e.m.c.i.embedder.EclipseLogger - Using 'UTF-8' encoding to copy filtered resources.
2020-02-17 19:36:16,008 [Worker-13: Building] INFO  o.e.m.c.i.embedder.EclipseLogger - skip non existing resourceDirectory F:\file\EPAM_TASK_3\CLEANCODE_AND_SERIALIZATION\src\main\resources
2020-02-17 19:36:16,009 [Worker-13: Building] INFO  o.e.m.c.i.embedder.EclipseLogger - Using 'UTF-8' encoding to copy filtered resources.
2020-02-17 19:36:16,009 [Worker-13: Building] INFO  o.e.m.c.i.embedder.EclipseLogger - skip non existing resourceDirectory F:\file\EPAM_TASK_3\CLEANCODE_AND_SERIALIZATION\src\test\resources
2020-02-17 19:36:46,783 [Worker-17: Building] INFO  o.e.m.c.i.embedder.EclipseLogger - Using 'UTF-8' encoding to copy filtered resources.
2020-02-17 19:36:46,783 [Worker-17: Building] INFO  o.e.m.c.i.embedder.EclipseLogger - skip non existing resourceDirectory F:\file\EPAM_TASK_3\CLEANCODE_AND_SERIALIZATION\src\main\resources
2020-02-17 19:36:46,786 [Worker-17: Building] INFO  o.e.m.c.i.embedder.EclipseLogger - Using 'UTF-8' encoding to copy filtered resources.
2020-02-17 19:36:46,786 [Worker-17: Building] INFO  o.e.m.c.i.embedder.EclipseLogger - skip non existing resourceDirectory F:\file\EPAM_TASK_3\CLEANCODE_AND_SERIALIZATION\src\test\resources
2020-02-17 19:36:56,778 [Worker-5: Launching Executing clean in F__file_EPAM_TASK_3_CLEANCODE_AND_SERIALIZATION] INFO  o.e.m.i.launch.MavenLaunchDelegate - F:\file\EPAM_TASK_3\CLEANCODE_AND_SERIALIZATION
2020-02-17 19:36:56,779 [Worker-5: Launching Executing clean in F__file_EPAM_TASK_3_CLEANCODE_AND_SERIALIZATION] INFO  o.e.m.i.launch.MavenLaunchDelegate -  mvn -B clean
2020-02-17 19:36:59,919 [Worker-16: Building] INFO  o.e.m.c.i.embedder.EclipseLogger - Using 'UTF-8' encoding to copy filtered resources.
2020-02-17 19:36:59,919 [Worker-16: Building] INFO  o.e.m.c.i.embedder.EclipseLogger - skip non existing resourceDirectory F:\file\EPAM_TASK_3\CLEANCODE_AND_SERIALIZATION\src\main\resources
2020-02-17 19:36:59,923 [Worker-16: Building] INFO  o.e.m.c.i.embedder.EclipseLogger - Using 'UTF-8' encoding to copy filtered resources.
2020-02-17 19:36:59,923 [Worker-16: Building] INFO  o.e.m.c.i.embedder.EclipseLogger - skip non existing resourceDirectory F:\file\EPAM_TASK_3\CLEANCODE_AND_SERIALIZATION\src\test\resources
2020-02-17 19:37:05,980 [Worker-16: Launching Executing install in F__file_EPAM_TASK_3_CLEANCODE_AND_SERIALIZATION] INFO  o.e.m.i.launch.MavenLaunchDelegate - F:\file\EPAM_TASK_3\CLEANCODE_AND_SERIALIZATION
2020-02-17 19:37:05,980 [Worker-16: Launching Executing install in F__file_EPAM_TASK_3_CLEANCODE_AND_SERIALIZATION] INFO  o.e.m.i.launch.MavenLaunchDelegate -  mvn -B install
2020-02-17 19:37:56,631 [Worker-5: Launching Executing clean in F__file_EPAM_TASK_3_CLEANCODE_AND_SERIALIZATION] INFO  o.e.m.i.launch.MavenLaunchDelegate - F:\file\EPAM_TASK_3\CLEANCODE_AND_SERIALIZATION
2020-02-17 19:37:56,631 [Worker-5: Launching Executing clean in F__file_EPAM_TASK_3_CLEANCODE_AND_SERIALIZATION] INFO  o.e.m.i.launch.MavenLaunchDelegate -  mvn -B clean
2020-02-17 19:37:59,724 [Worker-17: Building] INFO  o.e.m.c.i.embedder.EclipseLogger - Using 'UTF-8' encoding to copy filtered resources.
2020-02-17 19:37:59,724 [Worker-17: Building] INFO  o.e.m.c.i.embedder.EclipseLogger - skip non existing resourceDirectory F:\file\EPAM_TASK_3\CLEANCODE_AND_SERIALIZATION\src\main\resources
2020-02-17 19:37:59,727 [Worker-17: Building] INFO  o.e.m.c.i.embedder.EclipseLogger - Using 'UTF-8' encoding to copy filtered resources.
2020-02-17 19:37:59,728 [Worker-17: Building] INFO  o.e.m.c.i.embedder.EclipseLogger - skip non existing resourceDirectory F:\file\EPAM_TASK_3\CLEANCODE_AND_SERIALIZATION\src\test\resources
2020-02-17 19:40:23,025 [Worker-16: Building] INFO  o.e.m.c.i.embedder.EclipseLogger - Using 'UTF-8' encoding to copy filtered resources.
2020-02-17 19:40:23,025 [Worker-16: Building] INFO  o.e.m.c.i.embedder.EclipseLogger - skip non existing resourceDirectory F:\file\EPAM_TASK_3\CLEANCODE_AND_SERIALIZATION\src\main\resources
2020-02-17 19:40:23,027 [Worker-16: Building] INFO  o.e.m.c.i.embedder.EclipseLogger - Using 'UTF-8' encoding to copy filtered resources.
2020-02-17 19:40:23,028 [Worker-16: Building] INFO  o.e.m.c.i.embedder.EclipseLogger - skip non existing resourceDirectory F:\file\EPAM_TASK_3\CLEANCODE_AND_SERIALIZATION\src\test\resources
2020-02-17 19:50:23,614 [Worker-16: Building] INFO  o.e.m.c.i.embedder.EclipseLogger - Using 'UTF-8' encoding to copy filtered resources.
2020-02-17 19:50:23,614 [Worker-16: Building] INFO  o.e.m.c.i.embedder.EclipseLogger - skip non existing resourceDirectory F:\file\EPAM_TASK_3\CLEANCODE_AND_SERIALIZATION\src\main\resources
2020-02-17 19:50:23,618 [Worker-16: Building] INFO  o.e.m.c.i.embedder.EclipseLogger - Using 'UTF-8' encoding to copy filtered resources.
2020-02-17 19:50:23,618 [Worker-16: Building] INFO  o.e.m.c.i.embedder.EclipseLogger - skip non existing resourceDirectory F:\file\EPAM_TASK_3\CLEANCODE_AND_SERIALIZATION\src\test\resources
2020-02-17 19:55:53,788 [Worker-20: Building] INFO  o.e.m.c.i.embedder.EclipseLogger - Using 'UTF-8' encoding to copy filtered resources.
2020-02-17 19:55:53,789 [Worker-20: Building] INFO  o.e.m.c.i.embedder.EclipseLogger - skip non existing resourceDirectory F:\file\EPAM_TASK_3\CLEANCODE_AND_SERIALIZATION\src\main\resources
2020-02-17 19:55:53,793 [Worker-20: Building] INFO  o.e.m.c.i.embedder.EclipseLogger - Using 'UTF-8' encoding to copy filtered resources.
2020-02-17 19:55:53,794 [Worker-20: Building] INFO  o.e.m.c.i.embedder.EclipseLogger - skip non existing resourceDirectory F:\file\EPAM_TASK_3\CLEANCODE_AND_SERIALIZATION\src\test\resources
2020-02-17 19:56:05,748 [Worker-21: Building] INFO  o.e.m.c.i.embedder.EclipseLogger - Using 'UTF-8' encoding to copy filtered resources.
2020-02-17 19:56:05,748 [Worker-21: Building] INFO  o.e.m.c.i.embedder.EclipseLogger - skip non existing resourceDirectory F:\file\EPAM_TASK_3\CLEANCODE_AND_SERIALIZATION\src\main\resources
2020-02-17 19:56:05,750 [Worker-21: Building] INFO  o.e.m.c.i.embedder.EclipseLogger - Using 'UTF-8' encoding to copy filtered resources.
2020-02-17 19:56:05,750 [Worker-21: Building] INFO  o.e.m.c.i.embedder.EclipseLogger - skip non existing resourceDirectory F:\file\EPAM_TASK_3\CLEANCODE_AND_SERIALIZATION\src\test\resources
2020-02-17 20:00:45,714 [Worker-23: Building] INFO  o.e.m.c.i.embedder.EclipseLogger - Using 'UTF-8' encoding to copy filtered resources.
2020-02-17 20:00:45,714 [Worker-23: Building] INFO  o.e.m.c.i.embedder.EclipseLogger - skip non existing resourceDirectory F:\file\EPAM_TASK_3\CLEANCODE_AND_SERIALIZATION\src\main\resources
2020-02-17 20:00:45,716 [Worker-23: Building] INFO  o.e.m.c.i.embedder.EclipseLogger - Using 'UTF-8' encoding to copy filtered resources.
2020-02-17 20:00:45,716 [Worker-23: Building] INFO  o.e.m.c.i.embedder.EclipseLogger - skip non existing resourceDirectory F:\file\EPAM_TASK_3\CLEANCODE_AND_SERIALIZATION\src\test\resources
2020-02-17 20:04:47,859 [Worker-25: Building] INFO  o.e.m.c.i.embedder.EclipseLogger - Using 'UTF-8' encoding to copy filtered resources.
2020-02-17 20:04:47,859 [Worker-25: Building] INFO  o.e.m.c.i.embedder.EclipseLogger - skip non existing resourceDirectory F:\file\EPAM_TASK_3\CLEANCODE_AND_SERIALIZATION\src\main\resources
2020-02-17 20:04:47,860 [Worker-25: Building] INFO  o.e.m.c.i.embedder.EclipseLogger - Using 'UTF-8' encoding to copy filtered resources.
2020-02-17 20:04:47,861 [Worker-25: Building] INFO  o.e.m.c.i.embedder.EclipseLogger - skip non existing resourceDirectory F:\file\EPAM_TASK_3\CLEANCODE_AND_SERIALIZATION\src\test\resources
2020-02-17 20:05:46,659 [Worker-20: Building] INFO  o.e.m.c.i.embedder.EclipseLogger - Using 'UTF-8' encoding to copy filtered resources.
2020-02-17 20:05:46,660 [Worker-20: Building] INFO  o.e.m.c.i.embedder.EclipseLogger - skip non existing resourceDirectory F:\file\EPAM_TASK_3\CLEANCODE_AND_SERIALIZATION\src\main\resources
2020-02-17 20:05:46,663 [Worker-20: Building] INFO  o.e.m.c.i.embedder.EclipseLogger - Using 'UTF-8' encoding to copy filtered resources.
2020-02-17 20:05:46,664 [Worker-20: Building] INFO  o.e.m.c.i.embedder.EclipseLogger - skip non existing resourceDirectory F:\file\EPAM_TASK_3\CLEANCODE_AND_SERIALIZATION\src\test\resources
2020-02-17 20:10:53,429 [Worker-24: Building] INFO  o.e.m.c.i.embedder.EclipseLogger - Using 'UTF-8' encoding to copy filtered resources.
2020-02-17 20:10:53,430 [Worker-24: Building] INFO  o.e.m.c.i.embedder.EclipseLogger - skip non existing resourceDirectory F:\file\EPAM_TASK_3\CLEANCODE_AND_SERIALIZATION\src\main\resources
2020-02-17 20:10:53,433 [Worker-24: Building] INFO  o.e.m.c.i.embedder.EclipseLogger - Using 'UTF-8' encoding to copy filtered resources.
2020-02-17 20:10:53,433 [Worker-24: Building] INFO  o.e.m.c.i.embedder.EclipseLogger - skip non existing resourceDirectory F:\file\EPAM_TASK_3\CLEANCODE_AND_SERIALIZATION\src\test\resources
2020-02-17 20:11:19,977 [Worker-22: Building] INFO  o.e.m.c.i.embedder.EclipseLogger - Using 'UTF-8' encoding to copy filtered resources.
2020-02-17 20:11:19,978 [Worker-22: Building] INFO  o.e.m.c.i.embedder.EclipseLogger - skip non existing resourceDirectory F:\file\EPAM_TASK_3\CLEANCODE_AND_SERIALIZATION\src\main\resources
2020-02-17 20:11:19,980 [Worker-22: Building] INFO  o.e.m.c.i.embedder.EclipseLogger - Using 'UTF-8' encoding to copy filtered resources.
2020-02-17 20:11:19,980 [Worker-22: Building] INFO  o.e.m.c.i.embedder.EclipseLogger - skip non existing resourceDirectory F:\file\EPAM_TASK_3\CLEANCODE_AND_SERIALIZATION\src\test\resources
2020-02-17 20:11:29,564 [Worker-23: Building] INFO  o.e.m.c.i.embedder.EclipseLogger - Using 'UTF-8' encoding to copy filtered resources.
2020-02-17 20:11:29,565 [Worker-23: Building] INFO  o.e.m.c.i.embedder.EclipseLogger - skip non existing resourceDirectory F:\file\EPAM_TASK_3\CLEANCODE_AND_SERIALIZATION\src\main\resources
2020-02-17 20:11:29,566 [Worker-23: Building] INFO  o.e.m.c.i.embedder.EclipseLogger - Using 'UTF-8' encoding to copy filtered resources.
2020-02-17 20:11:29,567 [Worker-23: Building] INFO  o.e.m.c.i.embedder.EclipseLogger - skip non existing resourceDirectory F:\file\EPAM_TASK_3\CLEANCODE_AND_SERIALIZATION\src\test\resources
2020-02-17 20:11:36,428 [Worker-26: Building] INFO  o.e.m.c.i.embedder.EclipseLogger - Using 'UTF-8' encoding to copy filtered resources.
2020-02-17 20:11:36,428 [Worker-26: Building] INFO  o.e.m.c.i.embedder.EclipseLogger - skip non existing resourceDirectory F:\file\EPAM_TASK_3\CLEANCODE_AND_SERIALIZATION\src\main\resources
2020-02-17 20:11:36,430 [Worker-26: Building] INFO  o.e.m.c.i.embedder.EclipseLogger - Using 'UTF-8' encoding to copy filtered resources.
2020-02-17 20:11:36,430 [Worker-26: Building] INFO  o.e.m.c.i.embedder.EclipseLogger - skip non existing resourceDirectory F:\file\EPAM_TASK_3\CLEANCODE_AND_SERIALIZATION\src\test\resources
2020-02-17 20:12:56,359 [Worker-25: Building] INFO  o.e.m.c.i.embedder.EclipseLogger - Using 'UTF-8' encoding to copy filtered resources.
2020-02-17 20:12:56,359 [Worker-25: Building] INFO  o.e.m.c.i.embedder.EclipseLogger - skip non existing resourceDirectory F:\file\EPAM_TASK_3\CLEANCODE_AND_SERIALIZATION\src\main\resources
2020-02-17 20:12:56,361 [Worker-25: Building] INFO  o.e.m.c.i.embedder.EclipseLogger - Using 'UTF-8' encoding to copy filtered resources.
2020-02-17 20:12:56,361 [Worker-25: Building] INFO  o.e.m.c.i.embedder.EclipseLogger - skip non existing resourceDirectory F:\file\EPAM_TASK_3\CLEANCODE_AND_SERIALIZATION\src\test\resources
2020-02-17 20:13:08,582 [Worker-26: Building] INFO  o.e.m.c.i.embedder.EclipseLogger - Using 'UTF-8' encoding to copy filtered resources.
2020-02-17 20:13:08,582 [Worker-26: Building] INFO  o.e.m.c.i.embedder.EclipseLogger - skip non existing resourceDirectory F:\file\EPAM_TASK_3\CLEANCODE_AND_SERIALIZATION\src\main\resources
2020-02-17 20:13:08,584 [Worker-26: Building] INFO  o.e.m.c.i.embedder.EclipseLogger - Using 'UTF-8' encoding to copy filtered resources.
2020-02-17 20:13:08,584 [Worker-26: Building] INFO  o.e.m.c.i.embedder.EclipseLogger - skip non existing resourceDirectory F:\file\EPAM_TASK_3\CLEANCODE_AND_SERIALIZATION\src\test\resources
2020-02-17 20:13:21,439 [Worker-26: Building] INFO  o.e.m.c.i.embedder.EclipseLogger - Using 'UTF-8' encoding to copy filtered resources.
2020-02-17 20:13:21,440 [Worker-26: Building] INFO  o.e.m.c.i.embedder.EclipseLogger - skip non existing resourceDirectory F:\file\EPAM_TASK_3\CLEANCODE_AND_SERIALIZATION\src\main\resources
2020-02-17 20:13:21,442 [Worker-26: Building] INFO  o.e.m.c.i.embedder.EclipseLogger - Using 'UTF-8' encoding to copy filtered resources.
2020-02-17 20:13:21,442 [Worker-26: Building] INFO  o.e.m.c.i.embedder.EclipseLogger - skip non existing resourceDirectory F:\file\EPAM_TASK_3\CLEANCODE_AND_SERIALIZATION\src\test\resources
2020-02-17 20:16:31,107 [Worker-25: Building] INFO  o.e.m.c.i.embedder.EclipseLogger - Using 'UTF-8' encoding to copy filtered resources.
2020-02-17 20:16:31,107 [Worker-25: Building] INFO  o.e.m.c.i.embedder.EclipseLogger - skip non existing resourceDirectory F:\file\EPAM_TASK_3\CLEANCODE_AND_SERIALIZATION\src\main\resources
2020-02-17 20:16:31,109 [Worker-25: Building] INFO  o.e.m.c.i.embedder.EclipseLogger - Using 'UTF-8' encoding to copy filtered resources.
2020-02-17 20:16:31,109 [Worker-25: Building] INFO  o.e.m.c.i.embedder.EclipseLogger - skip non existing resourceDirectory F:\file\EPAM_TASK_3\CLEANCODE_AND_SERIALIZATION\src\test\resources
2020-02-17 20:17:26,148 [Worker-20: Building] INFO  o.e.m.c.i.embedder.EclipseLogger - Using 'UTF-8' encoding to copy filtered resources.
2020-02-17 20:17:26,148 [Worker-20: Building] INFO  o.e.m.c.i.embedder.EclipseLogger - skip non existing resourceDirectory F:\file\EPAM_TASK_3\CLEANCODE_AND_SERIALIZATION\src\main\resources
2020-02-17 20:17:26,149 [Worker-20: Building] INFO  o.e.m.c.i.embedder.EclipseLogger - Using 'UTF-8' encoding to copy filtered resources.
2020-02-17 20:17:26,149 [Worker-20: Building] INFO  o.e.m.c.i.embedder.EclipseLogger - skip non existing resourceDirectory F:\file\EPAM_TASK_3\CLEANCODE_AND_SERIALIZATION\src\test\resources
2020-02-17 20:17:52,846 [Worker-18: Building] INFO  o.e.m.c.i.embedder.EclipseLogger - Using 'UTF-8' encoding to copy filtered resources.
2020-02-17 20:17:52,847 [Worker-18: Building] INFO  o.e.m.c.i.embedder.EclipseLogger - skip non existing resourceDirectory F:\file\EPAM_TASK_3\CLEANCODE_AND_SERIALIZATION\src\main\resources
2020-02-17 20:17:52,848 [Worker-18: Building] INFO  o.e.m.c.i.embedder.EclipseLogger - Using 'UTF-8' encoding to copy filtered resources.
2020-02-17 20:17:52,848 [Worker-18: Building] INFO  o.e.m.c.i.embedder.EclipseLogger - skip non existing resourceDirectory F:\file\EPAM_TASK_3\CLEANCODE_AND_SERIALIZATION\src\test\resources
2020-02-17 20:18:29,482 [Worker-24: Building] INFO  o.e.m.c.i.embedder.EclipseLogger - Using 'UTF-8' encoding to copy filtered resources.
2020-02-17 20:18:29,482 [Worker-24: Building] INFO  o.e.m.c.i.embedder.EclipseLogger - skip non existing resourceDirectory F:\file\EPAM_TASK_3\CLEANCODE_AND_SERIALIZATION\src\main\resources
2020-02-17 20:18:29,484 [Worker-24: Building] INFO  o.e.m.c.i.embedder.EclipseLogger - Using 'UTF-8' encoding to copy filtered resources.
2020-02-17 20:18:29,484 [Worker-24: Building] INFO  o.e.m.c.i.embedder.EclipseLogger - skip non existing resourceDirectory F:\file\EPAM_TASK_3\CLEANCODE_AND_SERIALIZATION\src\test\resources
2020-02-17 20:20:28,516 [Worker-24: Launching Executing clean in F__file_EPAM_TASK_3_CLEANCODE_AND_SERIALIZATION] INFO  o.e.m.i.launch.MavenLaunchDelegate - F:\file\EPAM_TASK_3\CLEANCODE_AND_SERIALIZATION
2020-02-17 20:20:28,516 [Worker-24: Launching Executing clean in F__file_EPAM_TASK_3_CLEANCODE_AND_SERIALIZATION] INFO  o.e.m.i.launch.MavenLaunchDelegate -  mvn -B clean
2020-02-17 20:20:31,742 [Worker-20: Building] INFO  o.e.m.c.i.embedder.EclipseLogger - Using 'UTF-8' encoding to copy filtered resources.
2020-02-17 20:20:31,743 [Worker-20: Building] INFO  o.e.m.c.i.embedder.EclipseLogger - skip non existing resourceDirectory F:\file\EPAM_TASK_3\CLEANCODE_AND_SERIALIZATION\src\main\resources
2020-02-17 20:20:31,746 [Worker-20: Building] INFO  o.e.m.c.i.embedder.EclipseLogger - Using 'UTF-8' encoding to copy filtered resources.
2020-02-17 20:20:31,746 [Worker-20: Building] INFO  o.e.m.c.i.embedder.EclipseLogger - skip non existing resourceDirectory F:\file\EPAM_TASK_3\CLEANCODE_AND_SERIALIZATION\src\test\resources
2020-02-17 20:20:37,975 [Worker-27: Launching Executing install in F__file_EPAM_TASK_3_CLEANCODE_AND_SERIALIZATION] INFO  o.e.m.i.launch.MavenLaunchDelegate - F:\file\EPAM_TASK_3\CLEANCODE_AND_SERIALIZATION
2020-02-17 20:20:37,975 [Worker-27: Launching Executing install in F__file_EPAM_TASK_3_CLEANCODE_AND_SERIALIZATION] INFO  o.e.m.i.launch.MavenLaunchDelegate -  mvn -B install
2020-02-17 20:28:57,205 [Worker-29: Building] INFO  o.e.m.c.i.embedder.EclipseLogger - Using 'UTF-8' encoding to copy filtered resources.
2020-02-17 20:28:57,206 [Worker-29: Building] INFO  o.e.m.c.i.embedder.EclipseLogger - skip non existing resourceDirectory F:\file\EPAM_TASK_3\CLEANCODE_AND_SERIALIZATION\src\main\resources
2020-02-17 20:28:57,207 [Worker-29: Building] INFO  o.e.m.c.i.embedder.EclipseLogger - Using 'UTF-8' encoding to copy filtered resources.
2020-02-17 20:28:57,207 [Worker-29: Building] INFO  o.e.m.c.i.embedder.EclipseLogger - skip non existing resourceDirectory F:\file\EPAM_TASK_3\CLEANCODE_AND_SERIALIZATION\src\test\resources
2020-02-17 20:29:18,407 [Worker-28: Building] INFO  o.e.m.c.i.embedder.EclipseLogger - Using 'UTF-8' encoding to copy filtered resources.
2020-02-17 20:29:18,408 [Worker-28: Building] INFO  o.e.m.c.i.embedder.EclipseLogger - skip non existing resourceDirectory F:\file\EPAM_TASK_3\CLEANCODE_AND_SERIALIZATION\src\main\resources
2020-02-17 20:29:18,409 [Worker-28: Building] INFO  o.e.m.c.i.embedder.EclipseLogger - Using 'UTF-8' encoding to copy filtered resources.
2020-02-17 20:29:18,409 [Worker-28: Building] INFO  o.e.m.c.i.embedder.EclipseLogger - skip non existing resourceDirectory F:\file\EPAM_TASK_3\CLEANCODE_AND_SERIALIZATION\src\test\resources
2020-02-17 20:29:27,253 [Worker-28: Building] INFO  o.e.m.c.i.embedder.EclipseLogger - Using 'UTF-8' encoding to copy filtered resources.
2020-02-17 20:29:27,253 [Worker-28: Building] INFO  o.e.m.c.i.embedder.EclipseLogger - skip non existing resourceDirectory F:\file\EPAM_TASK_3\CLEANCODE_AND_SERIALIZATION\src\main\resources
2020-02-17 20:29:27,255 [Worker-28: Building] INFO  o.e.m.c.i.embedder.EclipseLogger - Using 'UTF-8' encoding to copy filtered resources.
2020-02-17 20:29:27,255 [Worker-28: Building] INFO  o.e.m.c.i.embedder.EclipseLogger - skip non existing resourceDirectory F:\file\EPAM_TASK_3\CLEANCODE_AND_SERIALIZATION\src\test\resources
2020-02-17 20:29:51,168 [Worker-27: Building] INFO  o.e.m.c.i.embedder.EclipseLogger - Using 'UTF-8' encoding to copy filtered resources.
2020-02-17 20:29:51,168 [Worker-27: Building] INFO  o.e.m.c.i.embedder.EclipseLogger - skip non existing resourceDirectory F:\file\EPAM_TASK_3\CLEANCODE_AND_SERIALIZATION\src\main\resources
2020-02-17 20:29:51,170 [Worker-27: Building] INFO  o.e.m.c.i.embedder.EclipseLogger - Using 'UTF-8' encoding to copy filtered resources.
2020-02-17 20:29:51,171 [Worker-27: Building] INFO  o.e.m.c.i.embedder.EclipseLogger - skip non existing resourceDirectory F:\file\EPAM_TASK_3\CLEANCODE_AND_SERIALIZATION\src\test\resources
2020-02-17 20:30:07,885 [Worker-29: Launching Executing clean in F__file_EPAM_TASK_3_CLEANCODE_AND_SERIALIZATION] INFO  o.e.m.i.launch.MavenLaunchDelegate - F:\file\EPAM_TASK_3\CLEANCODE_AND_SERIALIZATION
2020-02-17 20:30:07,885 [Worker-29: Launching Executing clean in F__file_EPAM_TASK_3_CLEANCODE_AND_SERIALIZATION] INFO  o.e.m.i.launch.MavenLaunchDelegate -  mvn -B clean
2020-02-17 20:30:11,609 [Worker-29: Building] INFO  o.e.m.c.i.embedder.EclipseLogger - Using 'UTF-8' encoding to copy filtered resources.
2020-02-17 20:30:11,610 [Worker-29: Building] INFO  o.e.m.c.i.embedder.EclipseLogger - skip non existing resourceDirectory F:\file\EPAM_TASK_3\CLEANCODE_AND_SERIALIZATION\src\main\resources
2020-02-17 20:30:11,613 [Worker-29: Building] INFO  o.e.m.c.i.embedder.EclipseLogger - Using 'UTF-8' encoding to copy filtered resources.
2020-02-17 20:30:11,614 [Worker-29: Building] INFO  o.e.m.c.i.embedder.EclipseLogger - skip non existing resourceDirectory F:\file\EPAM_TASK_3\CLEANCODE_AND_SERIALIZATION\src\test\resources
2020-02-17 20:30:15,460 [Worker-29: Launching Executing install in F__file_EPAM_TASK_3_CLEANCODE_AND_SERIALIZATION] INFO  o.e.m.i.launch.MavenLaunchDelegate - F:\file\EPAM_TASK_3\CLEANCODE_AND_SERIALIZATION
2020-02-17 20:30:15,461 [Worker-29: Launching Executing install in F__file_EPAM_TASK_3_CLEANCODE_AND_SERIALIZATION] INFO  o.e.m.i.launch.MavenLaunchDelegate -  mvn -B install
2020-02-17 20:32:23,522 [Worker-28: Launching Executing clean in F__file_EPAM_TASK_3_CLEANCODE_AND_SERIALIZATION] INFO  o.e.m.i.launch.MavenLaunchDelegate - F:\file\EPAM_TASK_3\CLEANCODE_AND_SERIALIZATION
2020-02-17 20:32:23,523 [Worker-28: Launching Executing clean in F__file_EPAM_TASK_3_CLEANCODE_AND_SERIALIZATION] INFO  o.e.m.i.launch.MavenLaunchDelegate -  mvn -B clean
2020-02-17 20:32:26,886 [Worker-27: Building] INFO  o.e.m.c.i.embedder.EclipseLogger - Using 'UTF-8' encoding to copy filtered resources.
2020-02-17 20:32:26,886 [Worker-27: Building] INFO  o.e.m.c.i.embedder.EclipseLogger - skip non existing resourceDirectory F:\file\EPAM_TASK_3\CLEANCODE_AND_SERIALIZATION\src\main\resources
2020-02-17 20:32:26,890 [Worker-27: Building] INFO  o.e.m.c.i.embedder.EclipseLogger - Using 'UTF-8' encoding to copy filtered resources.
2020-02-17 20:32:26,890 [Worker-27: Building] INFO  o.e.m.c.i.embedder.EclipseLogger - skip non existing resourceDirectory F:\file\EPAM_TASK_3\CLEANCODE_AND_SERIALIZATION\src\test\resources
2020-02-17 20:32:32,712 [Worker-30: Launching Executing install in F__file_EPAM_TASK_3_CLEANCODE_AND_SERIALIZATION] INFO  o.e.m.i.launch.MavenLaunchDelegate - F:\file\EPAM_TASK_3\CLEANCODE_AND_SERIALIZATION
2020-02-17 20:32:32,712 [Worker-30: Launching Executing install in F__file_EPAM_TASK_3_CLEANCODE_AND_SERIALIZATION] INFO  o.e.m.i.launch.MavenLaunchDelegate -  mvn -B install
2020-02-17 20:32:39,959 [Worker-18: Building] INFO  o.e.m.c.i.embedder.EclipseLogger - Using 'UTF-8' encoding to copy filtered resources.
2020-02-17 20:32:39,959 [Worker-18: Building] INFO  o.e.m.c.i.embedder.EclipseLogger - skip non existing resourceDirectory F:\file\EPAM_TASK_3\CLEANCODE_AND_SERIALIZATION\src\main\resources
2020-02-17 20:32:39,962 [Worker-18: Building] INFO  o.e.m.c.i.embedder.EclipseLogger - Using 'UTF-8' encoding to copy filtered resources.
2020-02-17 20:32:39,963 [Worker-18: Building] INFO  o.e.m.c.i.embedder.EclipseLogger - skip non existing resourceDirectory F:\file\EPAM_TASK_3\CLEANCODE_AND_SERIALIZATION\src\test\resources
2020-02-17 20:33:09,918 [Worker-32: Building] INFO  o.e.m.c.i.embedder.EclipseLogger - Using 'UTF-8' encoding to copy filtered resources.
2020-02-17 20:33:09,918 [Worker-32: Building] INFO  o.e.m.c.i.embedder.EclipseLogger - skip non existing resourceDirectory F:\file\EPAM_TASK_3\CLEANCODE_AND_SERIALIZATION\src\main\resources
2020-02-17 20:33:09,920 [Worker-32: Building] INFO  o.e.m.c.i.embedder.EclipseLogger - Using 'UTF-8' encoding to copy filtered resources.
2020-02-17 20:33:09,921 [Worker-32: Building] INFO  o.e.m.c.i.embedder.EclipseLogger - skip non existing resourceDirectory F:\file\EPAM_TASK_3\CLEANCODE_AND_SERIALIZATION\src\test\resources
2020-02-17 20:33:17,382 [Worker-32: Building] INFO  o.e.m.c.i.embedder.EclipseLogger - Using 'UTF-8' encoding to copy filtered resources.
2020-02-17 20:33:17,382 [Worker-32: Building] INFO  o.e.m.c.i.embedder.EclipseLogger - skip non existing resourceDirectory F:\file\EPAM_TASK_3\CLEANCODE_AND_SERIALIZATION\src\main\resources
2020-02-17 20:33:17,385 [Worker-32: Building] INFO  o.e.m.c.i.embedder.EclipseLogger - Using 'UTF-8' encoding to copy filtered resources.
2020-02-17 20:33:17,385 [Worker-32: Building] INFO  o.e.m.c.i.embedder.EclipseLogger - skip non existing resourceDirectory F:\file\EPAM_TASK_3\CLEANCODE_AND_SERIALIZATION\src\test\resources
2020-02-17 20:33:37,544 [Worker-20: Launching Executing clean in F__file_EPAM_TASK_3_CLEANCODE_AND_SERIALIZATION] INFO  o.e.m.i.launch.MavenLaunchDelegate - F:\file\EPAM_TASK_3\CLEANCODE_AND_SERIALIZATION
2020-02-17 20:33:37,544 [Worker-20: Launching Executing clean in F__file_EPAM_TASK_3_CLEANCODE_AND_SERIALIZATION] INFO  o.e.m.i.launch.MavenLaunchDelegate -  mvn -B clean
2020-02-17 20:33:40,899 [Worker-32: Building] INFO  o.e.m.c.i.embedder.EclipseLogger - Using 'UTF-8' encoding to copy filtered resources.
2020-02-17 20:33:40,899 [Worker-32: Building] INFO  o.e.m.c.i.embedder.EclipseLogger - skip non existing resourceDirectory F:\file\EPAM_TASK_3\CLEANCODE_AND_SERIALIZATION\src\main\resources
2020-02-17 20:33:40,903 [Worker-32: Building] INFO  o.e.m.c.i.embedder.EclipseLogger - Using 'UTF-8' encoding to copy filtered resources.
2020-02-17 20:33:40,903 [Worker-32: Building] INFO  o.e.m.c.i.embedder.EclipseLogger - skip non existing resourceDirectory F:\file\EPAM_TASK_3\CLEANCODE_AND_SERIALIZATION\src\test\resources
2020-02-17 20:33:46,838 [Worker-31: Launching Executing install in F__file_EPAM_TASK_3_CLEANCODE_AND_SERIALIZATION] INFO  o.e.m.i.launch.MavenLaunchDelegate - F:\file\EPAM_TASK_3\CLEANCODE_AND_SERIALIZATION
2020-02-17 20:33:46,838 [Worker-31: Launching Executing install in F__file_EPAM_TASK_3_CLEANCODE_AND_SERIALIZATION] INFO  o.e.m.i.launch.MavenLaunchDelegate -  mvn -B install
